<?xml version="1.0" encoding="UTF-8"?>
<!-- Generated by org.testng.reporters.JUnitXMLReporter -->
<testsuite ignored="0" hostname="Tariks-MacBook-Pro.local" failures="0" tests="2" name="Complete test run" time="8.624" errors="0" timestamp="2023-01-12T14:16:04 EET">
  <testcase classname="io.cucumber.testng.AbstractTestNGCucumberTests" name="runScenario" time="4.046"/>
  <testcase classname="io.cucumber.testng.AbstractTestNGCucumberTests" name="runScenario" time="2.692"/>
</testsuite> <!-- Complete test run -->
